ISim log file
Running: C:\Users\GSeJas-Desktop\Dropbox\Lab digitales\New\ControladorPS2\PruebaTipografia_isim_beh.exe -intstyle ise -gui -tclbatch isim.cmd -wdb C:/Users/GSeJas-Desktop/Dropbox/Lab digitales/New/ControladorPS2/PruebaTipografia_isim_beh.wdb 
ISim P.20131013 (signature 0x7708f090)
----------------------------------------------------------------------
INFO:Security:66 - Your license for 'ISIM' is for evaluation use only.
WARNING:Security:42 - Your license support version '2014.03' for ISIM expires in 0 days after which you will not qualify for Xilinx software updates or new releases.


----------------------------------------------------------------------
This is a Full version of ISim.
Time resolution is 1 ps
# onerror resume
# wave add /
# run 1000 ns
Simulator is doing circuit initialization process.
Finished circuit initialization process.
# run 1.00us
# run 1.00us
# run 1.00us
# run 1.00us
# run 1.00us
# run 1.00us
# run 100.00us
