Release 14.7 - xst P.20131013 (nt64)
Copyright (c) 1995-2013 Xilinx, Inc.  All rights reserved.
--> Parameter TMPDIR set to xst/projnav.tmp


Total REAL time to Xst completion: 0.00 secs
Total CPU time to Xst completion: 0.11 secs
 
--> Parameter xsthdpdir set to xst


Total REAL time to Xst completion: 0.00 secs
Total CPU time to Xst completion: 0.11 secs
 
--> Reading design: MouseHandler.prj

TABLE OF CONTENTS
  1) Synthesis Options Summary
  2) HDL Compilation
  3) Design Hierarchy Analysis
  4) HDL Analysis
  5) HDL Synthesis
     5.1) HDL Synthesis Report
  6) Advanced HDL Synthesis
     6.1) Advanced HDL Synthesis Report
  7) Low Level Synthesis
  8) Partition Report
  9) Final Report
	9.1) Device utilization summary
	9.2) Partition Resource Summary
	9.3) TIMING REPORT


=========================================================================
*                      Synthesis Options Summary                        *
=========================================================================
---- Source Parameters
Input File Name                    : "MouseHandler.prj"
Input Format                       : mixed
Ignore Synthesis Constraint File   : NO

---- Target Parameters
Output File Name                   : "MouseHandler"
Output Format                      : NGC
Target Device                      : xc3s500e-4-fg320

---- Source Options
Top Module Name                    : MouseHandler
Automatic FSM Extraction           : YES
FSM Encoding Algorithm             : Auto
Safe Implementation                : No
FSM Style                          : LUT
RAM Extraction                     : Yes
RAM Style                          : Auto
ROM Extraction                     : Yes
Mux Style                          : Auto
Decoder Extraction                 : YES
Priority Encoder Extraction        : Yes
Shift Register Extraction          : YES
Logical Shifter Extraction         : YES
XOR Collapsing                     : YES
ROM Style                          : Auto
Mux Extraction                     : Yes
Resource Sharing                   : YES
Asynchronous To Synchronous        : NO
Multiplier Style                   : Auto
Automatic Register Balancing       : No

---- Target Options
Add IO Buffers                     : YES
Global Maximum Fanout              : 100000
Add Generic Clock Buffer(BUFG)     : 16
Register Duplication               : YES
Slice Packing                      : YES
Optimize Instantiated Primitives   : NO
Use Clock Enable                   : Auto
Use Synchronous Set                : Auto
Use Synchronous Reset              : Auto
Pack IO Registers into IOBs        : Auto
Equivalent register Removal        : YES

---- General Options
Optimization Goal                  : Speed
Optimization Effort                : 1
Keep Hierarchy                     : No
Netlist Hierarchy                  : As_Optimized
RTL Output                         : Yes
Global Optimization                : AllClockNets
Read Cores                         : YES
Write Timing Constraints           : NO
Cross Clock Analysis               : NO
Hierarchy Separator                : /
Bus Delimiter                      : <>
Case Specifier                     : Maintain
Slice Utilization Ratio            : 100
BRAM Utilization Ratio             : 100
Verilog 2001                       : YES
Auto BRAM Packing                  : NO
Slice Utilization Ratio Delta      : 5

=========================================================================


=========================================================================
*                          HDL Compilation                              *
=========================================================================
Compiling verilog file "Contador100us2.v" in library work
Compiling verilog file "ShiftRightReg.v" in library work
Module <Contador100us2> compiled
Compiling verilog file "NewFSM_rx_ps2.v" in library work
Module <ShiftRightReg> compiled
Compiling verilog file "FSM_tx_ps2.v" in library work
Module <NewFSM_rx_ps2> compiled
Compiling verilog file "Contador100us.v" in library work
Module <FSM_tx_ps2> compiled
Compiling verilog file "Subber.v" in library work
Module <Contador100us> compiled
Compiling verilog file "RxRxRx.v" in library work
Module <Subber> compiled
Compiling verilog file "Reg8bits.v" in library work
Module <RxRxRx> compiled
Compiling verilog file "Reg5bits.v" in library work
Module <Reg8bits> compiled
Compiling verilog file "Reg3bits.v" in library work
Module <Reg5bits> compiled
Compiling verilog file "Reg10bits.v" in library work
Module <Reg3bits> compiled
Compiling verilog file "PS2_Tx.v" in library work
Module <Reg10bits> compiled
Compiling verilog file "FiltroRuido8bits.v" in library work
Module <PS2_Tx> compiled
Compiling verilog file "FFD.v" in library work
Module <FiltroRuido8bits> compiled
Compiling verilog file "CuentaBitsEnvio.v" in library work
Module <FFD> compiled
Compiling verilog file "Contador4bits.v" in library work
Module <CuentaBitsEnvio> compiled
Compiling verilog file "RegistrosTemporalesMouse.v" in library work
Module <Contador4bits> compiled
Compiling verilog file "PosicionCursor.v" in library work
Module <RegistrosTemporalesMouse> compiled
Compiling verilog file "ControlPS2Replica.v" in library work
Module <PosicionCursor> compiled
Compiling verilog file "MouseHandler.v" in library work
Module <ControlPS2Replica> compiled
Module <MouseHandler> compiled
No errors in compilation
Analysis of file <"MouseHandler.prj"> succeeded.
 

=========================================================================
*                     Design Hierarchy Analysis                         *
=========================================================================
Analyzing hierarchy for module <MouseHandler> in library <work>.

Analyzing hierarchy for module <ControlPS2Replica> in library <work>.

Analyzing hierarchy for module <RegistrosTemporalesMouse> in library <work>.

Analyzing hierarchy for module <PosicionCursor> in library <work>.

Analyzing hierarchy for module <CuentaBitsEnvio> in library <work>.

Analyzing hierarchy for module <FiltroRuido8bits> in library <work>.

Analyzing hierarchy for module <PS2_Tx> in library <work>.

Analyzing hierarchy for module <RxRxRx> in library <work>.

Analyzing hierarchy for module <FFD> in library <work>.

Analyzing hierarchy for module <Contador4bits> in library <work>.

Analyzing hierarchy for module <Reg8bits> in library <work>.

Analyzing hierarchy for module <Reg5bits> in library <work>.

Analyzing hierarchy for module <Reg10bits> in library <work>.

Analyzing hierarchy for module <Reg3bits> in library <work>.

Analyzing hierarchy for module <Subber> in library <work> with parameters.
	ADDER_WIDTH = "00000000000000000000000000001010"

Analyzing hierarchy for module <Contador100us> in library <work>.

Analyzing hierarchy for module <FSM_tx_ps2> in library <work> with parameters.
	S0 = "00"
	S1 = "01"
	S2 = "10"
	S3 = "11"

Analyzing hierarchy for module <NewFSM_rx_ps2> in library <work> with parameters.
	S0 = "000"
	S1 = "001"
	S2 = "010"
	S3 = "011"
	S4 = "100"
	S5 = "101"
	S6 = "110"
	S7 = "111"

Analyzing hierarchy for module <ShiftRightReg> in library <work>.

Analyzing hierarchy for module <Contador100us2> in library <work>.


=========================================================================
*                            HDL Analysis                               *
=========================================================================
Analyzing top module <MouseHandler>.
Module <MouseHandler> is correct for synthesis.
 
Analyzing module <ControlPS2Replica> in library <work>.
Module <ControlPS2Replica> is correct for synthesis.
 
Analyzing module <CuentaBitsEnvio> in library <work>.
Module <CuentaBitsEnvio> is correct for synthesis.
 
Analyzing module <FiltroRuido8bits> in library <work>.
Module <FiltroRuido8bits> is correct for synthesis.
 
Analyzing module <PS2_Tx> in library <work>.
Module <PS2_Tx> is correct for synthesis.
 
Analyzing module <Contador100us> in library <work>.
Module <Contador100us> is correct for synthesis.
 
Analyzing module <FSM_tx_ps2> in library <work>.
	S0 = 2'b00
	S1 = 2'b01
	S2 = 2'b10
	S3 = 2'b11
Module <FSM_tx_ps2> is correct for synthesis.
 
Analyzing module <Contador100us2> in library <work>.
Module <Contador100us2> is correct for synthesis.
 
Analyzing module <RxRxRx> in library <work>.
Module <RxRxRx> is correct for synthesis.
 
Analyzing module <NewFSM_rx_ps2> in library <work>.
	S0 = 3'b000
	S1 = 3'b001
	S2 = 3'b010
	S3 = 3'b011
	S4 = 3'b100
	S5 = 3'b101
	S6 = 3'b110
	S7 = 3'b111
Module <NewFSM_rx_ps2> is correct for synthesis.
 
Analyzing module <ShiftRightReg> in library <work>.
Module <ShiftRightReg> is correct for synthesis.
 
Analyzing module <FFD> in library <work>.
Module <FFD> is correct for synthesis.
 
Analyzing module <RegistrosTemporalesMouse> in library <work>.
Module <RegistrosTemporalesMouse> is correct for synthesis.
 
Analyzing module <Contador4bits> in library <work>.
Module <Contador4bits> is correct for synthesis.
 
Analyzing module <Reg8bits> in library <work>.
Module <Reg8bits> is correct for synthesis.
 
Analyzing module <Reg5bits> in library <work>.
Module <Reg5bits> is correct for synthesis.
 
Analyzing module <PosicionCursor> in library <work>.
Module <PosicionCursor> is correct for synthesis.
 
Analyzing module <Reg10bits> in library <work>.
Module <Reg10bits> is correct for synthesis.
 
Analyzing module <Reg3bits> in library <work>.
Module <Reg3bits> is correct for synthesis.
 
Analyzing module <Subber> in library <work>.
	ADDER_WIDTH = 32'sb00000000000000000000000000001010
Module <Subber> is correct for synthesis.
 

=========================================================================
*                           HDL Synthesis                               *
=========================================================================

Performing bidirectional port resolution...

Synthesizing Unit <CuentaBitsEnvio>.
    Related source file is "CuentaBitsEnvio.v".
    Found 4-bit up counter for signal <cuenta>.
    Summary:
	inferred   1 Counter(s).
Unit <CuentaBitsEnvio> synthesized.


Synthesizing Unit <FiltroRuido8bits>.
    Related source file is "FiltroRuido8bits.v".
    Found 1-bit register for signal <edge_c>.
    Found 8-bit register for signal <filter_reg>.
    Summary:
	inferred   9 D-type flip-flop(s).
Unit <FiltroRuido8bits> synthesized.


Synthesizing Unit <FFD>.
    Related source file is "FFD.v".
    Found 1-bit register for signal <dataout>.
    Summary:
	inferred   1 D-type flip-flop(s).
Unit <FFD> synthesized.


Synthesizing Unit <Contador100us>.
    Related source file is "Contador100us.v".
    Found 13-bit up counter for signal <cuenta>.
    Summary:
	inferred   1 Counter(s).
Unit <Contador100us> synthesized.


Synthesizing Unit <Contador100us2>.
    Related source file is "Contador100us2.v".
    Found 16-bit up counter for signal <cuenta>.
    Summary:
	inferred   1 Counter(s).
Unit <Contador100us2> synthesized.


Synthesizing Unit <NewFSM_rx_ps2>.
    Related source file is "NewFSM_rx_ps2.v".
    Found finite state machine <FSM_0> for signal <E_Presente>.
    -----------------------------------------------------------------------
    | States             | 5                                              |
    | Transitions        | 9                                              |
    | Inputs             | 4                                              |
    | Outputs            | 3                                              |
    | Clock              | clk                       (rising_edge)        |
    | Reset              | rst                       (positive)           |
    | Reset type         | synchronous                                    |
    | Reset State        | 000                                            |
    | Encoding           | automatic                                      |
    | Implementation     | LUT                                            |
    -----------------------------------------------------------------------
    Summary:
	inferred   1 Finite State Machine(s).
Unit <NewFSM_rx_ps2> synthesized.


Synthesizing Unit <ShiftRightReg>.
    Related source file is "ShiftRightReg.v".
    Found 8-bit register for signal <Dataout>.
    Summary:
	inferred   8 D-type flip-flop(s).
Unit <ShiftRightReg> synthesized.


Synthesizing Unit <Contador4bits>.
    Related source file is "Contador4bits.v".
    Found 2-bit up counter for signal <cuenta>.
    Summary:
	inferred   1 Counter(s).
Unit <Contador4bits> synthesized.


Synthesizing Unit <Reg8bits>.
    Related source file is "Reg8bits.v".
    Found 8-bit register for signal <DataOut>.
    Summary:
	inferred   8 D-type flip-flop(s).
Unit <Reg8bits> synthesized.


Synthesizing Unit <Reg5bits>.
    Related source file is "Reg5bits.v".
    Found 5-bit register for signal <DataOut>.
    Summary:
	inferred   5 D-type flip-flop(s).
Unit <Reg5bits> synthesized.


Synthesizing Unit <Reg10bits>.
    Related source file is "Reg10bits.v".
    Found 10-bit register for signal <DataOut>.
    Summary:
	inferred  10 D-type flip-flop(s).
Unit <Reg10bits> synthesized.


Synthesizing Unit <Reg3bits>.
    Related source file is "Reg3bits.v".
    Found 3-bit register for signal <DataOut>.
    Summary:
	inferred   3 D-type flip-flop(s).
Unit <Reg3bits> synthesized.


Synthesizing Unit <Subber>.
    Related source file is "Subber.v".
    Found 10-bit subtractor for signal <Sum>.
    Summary:
	inferred   1 Adder/Subtractor(s).
Unit <Subber> synthesized.


Synthesizing Unit <RegistrosTemporalesMouse>.
    Related source file is "RegistrosTemporalesMouse.v".
    Found 1-bit register for signal <rst1>.
    Summary:
	inferred   1 D-type flip-flop(s).
Unit <RegistrosTemporalesMouse> synthesized.


Synthesizing Unit <PosicionCursor>.
    Related source file is "PosicionCursor.v".
Unit <PosicionCursor> synthesized.


Synthesizing Unit <RxRxRx>.
    Related source file is "RxRxRx.v".
Unit <RxRxRx> synthesized.


Synthesizing Unit <FSM_tx_ps2>.
    Related source file is "FSM_tx_ps2.v".
INFO:Xst:2117 - HDL ADVISOR - Mux Selector <E_Presente> of Case statement line 71 was re-encoded using one-hot encoding. The case statement will be optimized (default statement optimization), but this optimization may lead to design initialization problems. To ensure the design works safely, you can:
   	- add an 'INIT' attribute on signal <E_Presente> (optimization is then done without any risk)
   	- use the attribute 'signal_encoding user' to avoid onehot optimization
   	- use the attribute 'safe_implementation yes' to force XST to perform a safe (but less efficient) optimization
    Found finite state machine <FSM_1> for signal <E_Presente>.
    -----------------------------------------------------------------------
    | States             | 4                                              |
    | Transitions        | 9                                              |
    | Inputs             | 5                                              |
    | Outputs            | 5                                              |
    | Clock              | clk                       (rising_edge)        |
    | Reset              | rst                       (positive)           |
    | Reset type         | asynchronous                                   |
    | Reset State        | 00                                             |
    | Encoding           | automatic                                      |
    | Implementation     | LUT                                            |
    -----------------------------------------------------------------------
    Found 1-bit tristate buffer for signal <ps2_c>.
    Found 1-bit tristate buffer for signal <ps2_d>.
    Found 10-bit register for signal <RegOut>.
    Summary:
	inferred   1 Finite State Machine(s).
	inferred  10 D-type flip-flop(s).
	inferred   2 Tristate(s).
Unit <FSM_tx_ps2> synthesized.


Synthesizing Unit <PS2_Tx>.
    Related source file is "PS2_Tx.v".
Unit <PS2_Tx> synthesized.


Synthesizing Unit <ControlPS2Replica>.
    Related source file is "ControlPS2Replica.v".
Unit <ControlPS2Replica> synthesized.


Synthesizing Unit <MouseHandler>.
    Related source file is "MouseHandler.v".
Unit <MouseHandler> synthesized.


=========================================================================
HDL Synthesis Report

Macro Statistics
# Adders/Subtractors                                   : 2
 10-bit subtractor                                     : 2
# Counters                                             : 4
 13-bit up counter                                     : 1
 16-bit up counter                                     : 1
 2-bit up counter                                      : 1
 4-bit up counter                                      : 1
# Registers                                            : 12
 1-bit register                                        : 3
 10-bit register                                       : 3
 3-bit register                                        : 1
 5-bit register                                        : 1
 8-bit register                                        : 4
# Tristates                                            : 2
 1-bit tristate buffer                                 : 2

=========================================================================

=========================================================================
*                       Advanced HDL Synthesis                          *
=========================================================================

Analyzing FSM <FSM_1> for best encoding.
Optimizing FSM <Control/Envio/FSM/E_Presente/FSM> on signal <E_Presente[1:2]> with gray encoding.
-------------------
 State | Encoding
-------------------
 00    | 00
 01    | 01
 10    | 11
 11    | 10
-------------------
Analyzing FSM <FSM_0> for best encoding.
Optimizing FSM <Control/FSMBLABLA/FSM/E_Presente/FSM> on signal <E_Presente[1:3]> with gray encoding.
-------------------
 State | Encoding
-------------------
 000   | 000
 001   | 001
 010   | 011
 011   | 010
 100   | 110
-------------------

=========================================================================
Advanced HDL Synthesis Report

Macro Statistics
# FSMs                                                 : 2
# Adders/Subtractors                                   : 2
 10-bit subtractor                                     : 2
# Counters                                             : 4
 13-bit up counter                                     : 1
 16-bit up counter                                     : 1
 2-bit up counter                                      : 1
 4-bit up counter                                      : 1
# Registers                                            : 73
 Flip-Flops                                            : 73

=========================================================================

=========================================================================
*                         Low Level Synthesis                           *
=========================================================================

Optimizing unit <MouseHandler> ...

Optimizing unit <FiltroRuido8bits> ...

Optimizing unit <ShiftRightReg> ...

Optimizing unit <Reg8bits> ...

Optimizing unit <Reg10bits> ...

Mapping all equations...
Building and optimizing final netlist ...
Found area constraint ratio of 100 (+ 5) on block MouseHandler, actual ratio is 1.

Final Macro Processing ...

=========================================================================
Final Register Report

Macro Statistics
# Registers                                            : 113
 Flip-Flops                                            : 113

=========================================================================

=========================================================================
*                           Partition Report                            *
=========================================================================

Partition Implementation Status
-------------------------------

  No Partitions were found in this design.

-------------------------------

=========================================================================
*                            Final Report                               *
=========================================================================
Final Results
RTL Top Level Output File Name     : MouseHandler.ngr
Top Level Output File Name         : MouseHandler
Output Format                      : NGC
Optimization Goal                  : Speed
Keep Hierarchy                     : No

Design Statistics
# IOs                              : 27

Cell Usage :
# BELS                             : 248
#      GND                         : 1
#      INV                         : 4
#      LUT1                        : 27
#      LUT2                        : 36
#      LUT3                        : 13
#      LUT3_L                      : 4
#      LUT4                        : 50
#      LUT4_D                      : 5
#      LUT4_L                      : 5
#      MUXCY                       : 45
#      MUXF5                       : 8
#      VCC                         : 1
#      XORCY                       : 49
# FlipFlops/Latches                : 113
#      FDC                         : 16
#      FDC_1                       : 9
#      FDCE                        : 54
#      FDCE_1                      : 29
#      FDR                         : 3
#      FDR_1                       : 1
#      FDRE_1                      : 1
# Clock Buffers                    : 1
#      BUFGP                       : 1
# IO Buffers                       : 26
#      IBUF                        : 1
#      IOBUF                       : 2
#      OBUF                        : 23
=========================================================================

Device utilization summary:
---------------------------

Selected Device : 3s500efg320-4 

 Number of Slices:                      101  out of   4656     2%  
 Number of Slice Flip Flops:            113  out of   9312     1%  
 Number of 4 input LUTs:                144  out of   9312     1%  
 Number of IOs:                          27
 Number of bonded IOBs:                  27  out of    232    11%  
 Number of GCLKs:                         1  out of     24     4%  

---------------------------
Partition Resource Summary:
---------------------------

  No Partitions were found in this design.

---------------------------


=========================================================================
TIMING REPORT

NOTE: THESE TIMING NUMBERS ARE ONLY A SYNTHESIS ESTIMATE.
      FOR ACCURATE TIMING INFORMATION PLEASE REFER TO THE TRACE REPORT
      GENERATED AFTER PLACE-and-ROUTE.

Clock Information:
------------------
-----------------------------------+------------------------+-------+
Clock Signal                       | Clock buffer(FF name)  | Load  |
-----------------------------------+------------------------+-------+
clk                                | BUFGP                  | 113   |
-----------------------------------+------------------------+-------+

Asynchronous Control Signals Information:
----------------------------------------
-----------------------------------------------------------+--------------------------------------+-------+
Control Signal                                             | Buffer(FF name)                      | Load  |
-----------------------------------------------------------+--------------------------------------+-------+
rst                                                        | IBUF                                 | 73    |
Control/Envio/FSM/rstc(Control/Envio/FSM/rstc1:O)          | NONE(Control/Envio/FSM/CC/cuenta_0)  | 16    |
Control/Envio/Segundos/Loco(Control/Envio/Segundos/Loco2:O)| NONE(Control/Envio/Segundos/cuenta_0)| 13    |
Control/RESET(Control/RESET1:O)                            | NONE(Control/Trama/cuenta_0)         | 4     |
RegTemp/rst2(RegTemp/rst21:O)                              | NONE(RegTemp/GOGO/cuenta_0)          | 2     |
-----------------------------------------------------------+--------------------------------------+-------+

Timing Summary:
---------------
Speed Grade: -4

   Minimum period: 11.094ns (Maximum Frequency: 90.139MHz)
   Minimum input arrival time before clock: 3.407ns
   Maximum output required time after clock: 6.422ns
   Maximum combinational path delay: No path found

Timing Detail:
--------------
All values displayed in nanoseconds (ns)

=========================================================================
Timing constraint: Default period analysis for Clock 'clk'
  Clock period: 11.094ns (frequency: 90.139MHz)
  Total number of paths / destination ports: 1234 / 194
-------------------------------------------------------------------------
Delay:               5.547ns (Levels of Logic = 4)
  Source:            Control/Flanco/filter_reg_4 (FF)
  Destination:       Control/Envio/FSM/RegOut_8 (FF)
  Source Clock:      clk falling
  Destination Clock: clk rising

  Data Path: Control/Flanco/filter_reg_4 to Control/Envio/FSM/RegOut_8
                                Gate     Net
    Cell:in->out      fanout   Delay   Delay  Logical Name (Net Name)
    ----------------------------------------  ------------
     FDC_1:C->Q            3   0.591   0.706  Control/Flanco/filter_reg_4 (Control/Flanco/filter_reg_4)
     LUT4_D:I0->O          3   0.704   0.610  Control/Flanco/edge_c_next34 (Control/Flanco/edge_c_next34)
     LUT2:I1->O            9   0.704   0.899  Control/Flanco/edge_c_next35 (Control/Flanco/edge_c_next35)
     LUT4:I1->O            1   0.704   0.000  Control/Envio/FSM/RegOut_Next<8>11 (Control/Envio/FSM/RegOut_Next<8>1)
     MUXF5:I1->O           1   0.321   0.000  Control/Envio/FSM/RegOut_Next<8>1_f5 (Control/Envio/FSM/RegOut_Next<8>)
     FDC:D                     0.308          Control/Envio/FSM/RegOut_8
    ----------------------------------------
    Total                      5.547ns (3.332ns logic, 2.215ns route)
                                       (60.1% logic, 39.9% route)

=========================================================================
Timing constraint: Default OFFSET IN BEFORE for Clock 'clk'
  Total number of paths / destination ports: 8 / 7
-------------------------------------------------------------------------
Offset:              3.407ns (Levels of Logic = 1)
  Source:            rst (PAD)
  Destination:       Control/Subhandler/dataout (FF)
  Destination Clock: clk falling

  Data Path: rst to Control/Subhandler/dataout
                                Gate     Net
    Cell:in->out      fanout   Delay   Delay  Logical Name (Net Name)
    ----------------------------------------  ------------
     IBUF:I->O            81   1.218   1.278  rst_IBUF (rst_IBUF)
     FDRE_1:R                  0.911          Control/Subhandler/dataout
    ----------------------------------------
    Total                      3.407ns (2.129ns logic, 1.278ns route)
                                       (62.5% logic, 37.5% route)

=========================================================================
Timing constraint: Default OFFSET OUT AFTER for Clock 'clk'
  Total number of paths / destination ports: 32 / 25
-------------------------------------------------------------------------
Offset:              6.422ns (Levels of Logic = 2)
  Source:            Control/Envio/FSM/E_Presente_FSM_FFd1 (FF)
  Destination:       ps2_c (PAD)
  Source Clock:      clk rising

  Data Path: Control/Envio/FSM/E_Presente_FSM_FFd1 to ps2_c
                                Gate     Net
    Cell:in->out      fanout   Delay   Delay  Logical Name (Net Name)
    ----------------------------------------  ------------
     FDC:C->Q             26   0.591   1.435  Control/Envio/FSM/E_Presente_FSM_FFd1 (Control/Envio/FSM/E_Presente_FSM_FFd1)
     LUT2:I0->O            1   0.704   0.420  Control/Envio/FSM/E_Presente_FSM_Out41 (Control/Envio/FSM/ps2c_out)
     IOBUF:I->IO               3.272          ps2_c_IOBUF (ps2_c)
    ----------------------------------------
    Total                      6.422ns (4.567ns logic, 1.855ns route)
                                       (71.1% logic, 28.9% route)

=========================================================================


Total REAL time to Xst completion: 7.00 secs
Total CPU time to Xst completion: 7.87 secs
 
--> 

Total memory usage is 276748 kilobytes

Number of errors   :    0 (   0 filtered)
Number of warnings :    0 (   0 filtered)
Number of infos    :    1 (   0 filtered)

