Release 14.7 - xst P.20131013 (nt64)
Copyright (c) 1995-2013 Xilinx, Inc.  All rights reserved.
--> Parameter TMPDIR set to xst/projnav.tmp


Total REAL time to Xst completion: 0.00 secs
Total CPU time to Xst completion: 0.20 secs
 
--> Parameter xsthdpdir set to xst


Total REAL time to Xst completion: 0.00 secs
Total CPU time to Xst completion: 0.20 secs
 
--> Reading design: PS2_Tx.prj

TABLE OF CONTENTS
  1) Synthesis Options Summary
  2) HDL Compilation
  3) Design Hierarchy Analysis
  4) HDL Analysis
  5) HDL Synthesis
     5.1) HDL Synthesis Report
  6) Advanced HDL Synthesis
     6.1) Advanced HDL Synthesis Report
  7) Low Level Synthesis
  8) Partition Report
  9) Final Report
	9.1) Device utilization summary
	9.2) Partition Resource Summary
	9.3) TIMING REPORT


=========================================================================
*                      Synthesis Options Summary                        *
=========================================================================
---- Source Parameters
Input File Name                    : "PS2_Tx.prj"
Input Format                       : mixed
Ignore Synthesis Constraint File   : NO

---- Target Parameters
Output File Name                   : "PS2_Tx"
Output Format                      : NGC
Target Device                      : xc3s500e-4-fg320

---- Source Options
Top Module Name                    : PS2_Tx
Automatic FSM Extraction           : YES
FSM Encoding Algorithm             : Auto
Safe Implementation                : No
FSM Style                          : LUT
RAM Extraction                     : Yes
RAM Style                          : Auto
ROM Extraction                     : Yes
Mux Style                          : Auto
Decoder Extraction                 : YES
Priority Encoder Extraction        : Yes
Shift Register Extraction          : YES
Logical Shifter Extraction         : YES
XOR Collapsing                     : YES
ROM Style                          : Auto
Mux Extraction                     : Yes
Resource Sharing                   : YES
Asynchronous To Synchronous        : NO
Multiplier Style                   : Auto
Automatic Register Balancing       : No

---- Target Options
Add IO Buffers                     : YES
Global Maximum Fanout              : 100000
Add Generic Clock Buffer(BUFG)     : 16
Register Duplication               : YES
Slice Packing                      : YES
Optimize Instantiated Primitives   : NO
Use Clock Enable                   : Auto
Use Synchronous Set                : Auto
Use Synchronous Reset              : Auto
Pack IO Registers into IOBs        : Auto
Equivalent register Removal        : YES

---- General Options
Optimization Goal                  : Speed
Optimization Effort                : 1
Keep Hierarchy                     : No
Netlist Hierarchy                  : As_Optimized
RTL Output                         : Yes
Global Optimization                : AllClockNets
Read Cores                         : YES
Write Timing Constraints           : NO
Cross Clock Analysis               : NO
Hierarchy Separator                : /
Bus Delimiter                      : <>
Case Specifier                     : Maintain
Slice Utilization Ratio            : 100
BRAM Utilization Ratio             : 100
Verilog 2001                       : YES
Auto BRAM Packing                  : NO
Slice Utilization Ratio Delta      : 5

=========================================================================


=========================================================================
*                          HDL Compilation                              *
=========================================================================
Compiling verilog file "Contador100us2.v" in library work
Compiling verilog file "FSM_tx_ps2.v" in library work
Module <Contador100us2> compiled
Compiling verilog file "Contador100us.v" in library work
Module <FSM_tx_ps2> compiled
Compiling verilog file "PS2_Tx.v" in library work
Module <Contador100us> compiled
Module <PS2_Tx> compiled
No errors in compilation
Analysis of file <"PS2_Tx.prj"> succeeded.
 

=========================================================================
*                     Design Hierarchy Analysis                         *
=========================================================================
Analyzing hierarchy for module <PS2_Tx> in library <work>.

Analyzing hierarchy for module <Contador100us> in library <work>.

Analyzing hierarchy for module <FSM_tx_ps2> in library <work> with parameters.
	S0 = "00"
	S1 = "01"
	S2 = "10"
	S3 = "11"

Analyzing hierarchy for module <Contador100us2> in library <work>.


=========================================================================
*                            HDL Analysis                               *
=========================================================================
Analyzing top module <PS2_Tx>.
Module <PS2_Tx> is correct for synthesis.
 
Analyzing module <Contador100us> in library <work>.
Module <Contador100us> is correct for synthesis.
 
Analyzing module <FSM_tx_ps2> in library <work>.
	S0 = 2'b00
	S1 = 2'b01
	S2 = 2'b10
	S3 = 2'b11
Module <FSM_tx_ps2> is correct for synthesis.
 
Analyzing module <Contador100us2> in library <work>.
Module <Contador100us2> is correct for synthesis.
 

=========================================================================
*                           HDL Synthesis                               *
=========================================================================

Performing bidirectional port resolution...

Synthesizing Unit <Contador100us>.
    Related source file is "Contador100us.v".
    Found 13-bit up counter for signal <cuenta>.
    Summary:
	inferred   1 Counter(s).
Unit <Contador100us> synthesized.


Synthesizing Unit <Contador100us2>.
    Related source file is "Contador100us2.v".
    Found 16-bit up counter for signal <cuenta>.
    Summary:
	inferred   1 Counter(s).
Unit <Contador100us2> synthesized.


Synthesizing Unit <FSM_tx_ps2>.
    Related source file is "FSM_tx_ps2.v".
INFO:Xst:2117 - HDL ADVISOR - Mux Selector <E_Presente> of Case statement line 71 was re-encoded using one-hot encoding. The case statement will be optimized (default statement optimization), but this optimization may lead to design initialization problems. To ensure the design works safely, you can:
   	- add an 'INIT' attribute on signal <E_Presente> (optimization is then done without any risk)
   	- use the attribute 'signal_encoding user' to avoid onehot optimization
   	- use the attribute 'safe_implementation yes' to force XST to perform a safe (but less efficient) optimization
    Found finite state machine <FSM_0> for signal <E_Presente>.
    -----------------------------------------------------------------------
    | States             | 4                                              |
    | Transitions        | 9                                              |
    | Inputs             | 5                                              |
    | Outputs            | 5                                              |
    | Clock              | clk                       (rising_edge)        |
    | Reset              | rst                       (positive)           |
    | Reset type         | asynchronous                                   |
    | Reset State        | 00                                             |
    | Encoding           | automatic                                      |
    | Implementation     | LUT                                            |
    -----------------------------------------------------------------------
    Found 1-bit tristate buffer for signal <ps2_c>.
    Found 1-bit tristate buffer for signal <ps2_d>.
    Found 10-bit register for signal <RegOut>.
    Summary:
	inferred   1 Finite State Machine(s).
	inferred  10 D-type flip-flop(s).
	inferred   2 Tristate(s).
Unit <FSM_tx_ps2> synthesized.


Synthesizing Unit <PS2_Tx>.
    Related source file is "PS2_Tx.v".
Unit <PS2_Tx> synthesized.


=========================================================================
HDL Synthesis Report

Macro Statistics
# Counters                                             : 2
 13-bit up counter                                     : 1
 16-bit up counter                                     : 1
# Registers                                            : 1
 10-bit register                                       : 1
# Tristates                                            : 2
 1-bit tristate buffer                                 : 2

=========================================================================

=========================================================================
*                       Advanced HDL Synthesis                          *
=========================================================================

Analyzing FSM <FSM_0> for best encoding.
Optimizing FSM <FSM/E_Presente/FSM> on signal <E_Presente[1:2]> with gray encoding.
-------------------
 State | Encoding
-------------------
 00    | 00
 01    | 01
 10    | 11
 11    | 10
-------------------

=========================================================================
Advanced HDL Synthesis Report

Macro Statistics
# FSMs                                                 : 1
# Counters                                             : 2
 13-bit up counter                                     : 1
 16-bit up counter                                     : 1
# Registers                                            : 10
 Flip-Flops                                            : 10

=========================================================================

=========================================================================
*                         Low Level Synthesis                           *
=========================================================================

Optimizing unit <PS2_Tx> ...

Mapping all equations...
Building and optimizing final netlist ...
Found area constraint ratio of 100 (+ 5) on block PS2_Tx, actual ratio is 0.

Final Macro Processing ...

=========================================================================
Final Register Report

Macro Statistics
# Registers                                            : 41
 Flip-Flops                                            : 41

=========================================================================

=========================================================================
*                           Partition Report                            *
=========================================================================

Partition Implementation Status
-------------------------------

  No Partitions were found in this design.

-------------------------------

=========================================================================
*                            Final Report                               *
=========================================================================
Final Results
RTL Top Level Output File Name     : PS2_Tx.ngr
Top Level Output File Name         : PS2_Tx
Output Format                      : NGC
Optimization Goal                  : Speed
Keep Hierarchy                     : No

Design Statistics
# IOs                              : 9

Cell Usage :
# BELS                             : 128
#      GND                         : 1
#      INV                         : 3
#      LUT1                        : 27
#      LUT2                        : 9
#      LUT3                        : 5
#      LUT4                        : 22
#      LUT4_D                      : 1
#      LUT4_L                      : 1
#      MUXCY                       : 27
#      MUXF5                       : 2
#      VCC                         : 1
#      XORCY                       : 29
# FlipFlops/Latches                : 41
#      FDC                         : 12
#      FDCE                        : 29
# Clock Buffers                    : 1
#      BUFGP                       : 1
# IO Buffers                       : 8
#      IBUF                        : 4
#      OBUF                        : 2
#      OBUFT                       : 2
=========================================================================

Device utilization summary:
---------------------------

Selected Device : 3s500efg320-4 

 Number of Slices:                       44  out of   4656     0%  
 Number of Slice Flip Flops:             41  out of   9312     0%  
 Number of 4 input LUTs:                 68  out of   9312     0%  
 Number of IOs:                           9
 Number of bonded IOBs:                   9  out of    232     3%  
 Number of GCLKs:                         1  out of     24     4%  

---------------------------
Partition Resource Summary:
---------------------------

  No Partitions were found in this design.

---------------------------


=========================================================================
TIMING REPORT

NOTE: THESE TIMING NUMBERS ARE ONLY A SYNTHESIS ESTIMATE.
      FOR ACCURATE TIMING INFORMATION PLEASE REFER TO THE TRACE REPORT
      GENERATED AFTER PLACE-and-ROUTE.

Clock Information:
------------------
-----------------------------------+------------------------+-------+
Clock Signal                       | Clock buffer(FF name)  | Load  |
-----------------------------------+------------------------+-------+
clk                                | BUFGP                  | 41    |
-----------------------------------+------------------------+-------+

Asynchronous Control Signals Information:
----------------------------------------
------------------------------------+------------------------+-------+
Control Signal                      | Buffer(FF name)        | Load  |
------------------------------------+------------------------+-------+
FSM/rstc(FSM/E_Presente_FSM_Out11:O)| NONE(FSM/CC/cuenta_0)  | 16    |
Segundos/Loco(Segundos/Loco1:O)     | NONE(Segundos/cuenta_0)| 13    |
rst                                 | IBUF                   | 12    |
------------------------------------+------------------------+-------+

Timing Summary:
---------------
Speed Grade: -4

   Minimum period: 9.166ns (Maximum Frequency: 109.099MHz)
   Minimum input arrival time before clock: 4.455ns
   Maximum output required time after clock: 8.015ns
   Maximum combinational path delay: No path found

Timing Detail:
--------------
All values displayed in nanoseconds (ns)

=========================================================================
Timing constraint: Default period analysis for Clock 'clk'
  Clock period: 9.166ns (frequency: 109.099MHz)
  Total number of paths / destination ports: 379 / 70
-------------------------------------------------------------------------
Delay:               4.583ns (Levels of Logic = 3)
  Source:            FSM/CC/cuenta_8 (FF)
  Destination:       FSM/E_Presente_FSM_FFd1 (FF)
  Source Clock:      clk falling
  Destination Clock: clk rising

  Data Path: FSM/CC/cuenta_8 to FSM/E_Presente_FSM_FFd1
                                Gate     Net
    Cell:in->out      fanout   Delay   Delay  Logical Name (Net Name)
    ----------------------------------------  ------------
     FDCE:C->Q             2   0.591   0.622  FSM/CC/cuenta_8 (FSM/CC/cuenta_8)
     LUT4:I0->O            2   0.704   0.526  FSM/E_Presente_FSM_FFd1-In423 (FSM/E_Presente_FSM_FFd1-In423)
     LUT3:I1->O            1   0.704   0.424  FSM/E_Presente_FSM_FFd1-In449 (FSM/E_Presente_FSM_FFd1-In_bdd3)
     LUT4:I3->O            1   0.704   0.000  FSM/E_Presente_FSM_FFd1-In261 (FSM/E_Presente_FSM_FFd1-In)
     FDC:D                     0.308          FSM/E_Presente_FSM_FFd1
    ----------------------------------------
    Total                      4.583ns (3.011ns logic, 1.572ns route)
                                       (65.7% logic, 34.3% route)

=========================================================================
Timing constraint: Default OFFSET IN BEFORE for Clock 'clk'
  Total number of paths / destination ports: 18 / 11
-------------------------------------------------------------------------
Offset:              4.455ns (Levels of Logic = 3)
  Source:            fall_edge (PAD)
  Destination:       FSM/RegOut_8 (FF)
  Destination Clock: clk rising

  Data Path: fall_edge to FSM/RegOut_8
                                Gate     Net
    Cell:in->out      fanout   Delay   Delay  Logical Name (Net Name)
    ----------------------------------------  ------------
     IBUF:I->O             4   1.218   0.622  fall_edge_IBUF (fall_edge_IBUF)
     LUT3:I2->O            9   0.704   0.899  FSM/RegOut_Next<3>11 (N11)
     LUT4:I1->O            1   0.704   0.000  FSM/RegOut_Next<4>1 (FSM/RegOut_Next<4>)
     FDC:D                     0.308          FSM/RegOut_4
    ----------------------------------------
    Total                      4.455ns (2.934ns logic, 1.521ns route)
                                       (65.9% logic, 34.1% route)

=========================================================================
Timing constraint: Default OFFSET OUT AFTER for Clock 'clk'
  Total number of paths / destination ports: 27 / 4
-------------------------------------------------------------------------
Offset:              8.015ns (Levels of Logic = 4)
  Source:            FSM/CC/cuenta_14 (FF)
  Destination:       tx_done (PAD)
  Source Clock:      clk falling

  Data Path: FSM/CC/cuenta_14 to tx_done
                                Gate     Net
    Cell:in->out      fanout   Delay   Delay  Logical Name (Net Name)
    ----------------------------------------  ------------
     FDCE:C->Q             2   0.591   0.622  FSM/CC/cuenta_14 (FSM/CC/cuenta_14)
     LUT4_D:I0->O          1   0.704   0.499  FSM/E_Presente_FSM_FFd1-In411 (FSM/E_Presente_FSM_FFd1-In411)
     LUT4:I1->O            1   0.704   0.499  tx_done_SW1 (N14)
     LUT4:I1->O            1   0.704   0.420  tx_done (tx_done_OBUF)
     OBUF:I->O                 3.272          tx_done_OBUF (tx_done)
    ----------------------------------------
    Total                      8.015ns (5.975ns logic, 2.040ns route)
                                       (74.5% logic, 25.5% route)

=========================================================================


Total REAL time to Xst completion: 7.00 secs
Total CPU time to Xst completion: 6.77 secs
 
--> 

Total memory usage is 272268 kilobytes

Number of errors   :    0 (   0 filtered)
Number of warnings :    0 (   0 filtered)
Number of infos    :    1 (   0 filtered)

