--------------------------------------------------------------------------------
Release 14.7 Trace  (nt64)
Copyright (c) 1995-2013 Xilinx, Inc.  All rights reserved.

C:\Xilinx\14.7\ISE_DS\ISE\bin\nt64\unwrapped\trce.exe -intstyle ise -v 3 -s 4
-n 3 -fastpaths -xml SemaforoDePrueba.twx SemaforoDePrueba.ncd -o
SemaforoDePrueba.twr SemaforoDePrueba.pcf -ucf SemaforoPrueba.ucf

Design file:              SemaforoDePrueba.ncd
Physical constraint file: SemaforoDePrueba.pcf
Device,package,speed:     xc3s500e,fg320,-4 (PRODUCTION 1.27 2013-10-13)
Report level:             verbose report

Environment Variable      Effect 
--------------------      ------ 
NONE                      No environment variables were set
--------------------------------------------------------------------------------

INFO:Timing:2698 - No timing constraints found, doing default enumeration.
INFO:Timing:3412 - To improve timing, see the Timing Closure User Guide (UG612).
INFO:Timing:2752 - To get complete path coverage, use the unconstrained paths 
   option. All paths that are not constrained will be reported in the 
   unconstrained paths section(s) of the report.
INFO:Timing:3339 - The clock-to-out numbers in this timing report are based on 
   a 50 Ohm transmission line loading model.  For the details of this model, 
   and for more information on accounting for different loading conditions, 
   please see the device datasheet.
INFO:Timing:3390 - This architecture does not support a default System Jitter 
   value, please add SYSTEM_JITTER constraint to the UCF to modify the Clock 
   Uncertainty calculation.
INFO:Timing:3389 - This architecture does not support 'Discrete Jitter' and 
   'Phase Error' calculations, these terms will be zero in the Clock 
   Uncertainty calculation.  Please make appropriate modification to 
   SYSTEM_JITTER to account for the unsupported Discrete Jitter and Phase 
   Error.



Data Sheet report:
-----------------
All values displayed in nanoseconds (ns)

Setup/Hold to clock clk
------------+------------+------------+------------------+--------+
            |Max Setup to|Max Hold to |                  | Clock  |
Source      | clk (edge) | clk (edge) |Internal Clock(s) | Phase  |
------------+------------+------------+------------------+--------+
PasoA       |    3.682(R)|   -1.730(R)|clk_BUFGP         |   0.000|
PasoB       |    3.448(R)|   -1.543(R)|clk_BUFGP         |   0.000|
SensorA     |    3.712(R)|   -1.678(R)|clk_BUFGP         |   0.000|
SensorB     |    3.716(R)|   -1.757(R)|clk_BUFGP         |   0.000|
rst         |    4.762(R)|   -0.706(R)|clk_BUFGP         |   0.000|
------------+------------+------------+------------------+--------+

Clock clk to Pad
------------+------------+------------------+--------+
            | clk (edge) |                  | Clock  |
Destination |   to PAD   |Internal Clock(s) | Phase  |
------------+------------+------------------+--------+
B           |   15.535(R)|clk_BUFGP         |   0.000|
            |   23.757(F)|clk_BUFGP         |   0.000|
G           |   15.086(R)|clk_BUFGP         |   0.000|
            |   21.296(F)|clk_BUFGP         |   0.000|
HSYNC       |    8.309(R)|clk_BUFGP         |   0.000|
R           |   15.280(R)|clk_BUFGP         |   0.000|
            |   21.242(F)|clk_BUFGP         |   0.000|
VSYNC       |    9.323(R)|clk_BUFGP         |   0.000|
------------+------------+------------------+--------+

Clock to Setup on destination clock clk
---------------+---------+---------+---------+---------+
               | Src:Rise| Src:Fall| Src:Rise| Src:Fall|
Source Clock   |Dest:Rise|Dest:Rise|Dest:Fall|Dest:Fall|
---------------+---------+---------+---------+---------+
clk            |    6.347|    4.440|    4.474|    7.518|
---------------+---------+---------+---------+---------+


Analysis completed Sat Mar 29 14:19:54 2014 
--------------------------------------------------------------------------------

Trace Settings:
-------------------------
Trace Settings 

Peak Memory Usage: 169 MB



